Started on Apr 11, 2026, 4:16:11 AM
Started by event from 140.82.115.152 ⇒ https://equinox-spoilage-observing.ngrok-free.dev:8080/github-webhook/ on Sat Apr 11 04:16:11 UTC 2026
Using strategy: Default
[poll] Last Built Revision: Revision 984c217b9782c555138e6d6fd74b391426595431 (refs/remotes/origin/main)
The recommended git tool is: git
No credentials specified
 > git --version # timeout=10
 > git --version # 'git version 2.47.3'
 > git ls-remote -h -- https://github.com/angelkwatra/Containerization-and-DevOps.git # timeout=10
Found 1 remote heads on https://github.com/angelkwatra/Containerization-and-DevOps.git
[poll] Latest remote head revision on refs/heads/main is: 069f0e14f2457b5d8bdbc035d30689500a4f0e83
Using strategy: Default
[poll] Last Built Revision: Revision 984c217b9782c555138e6d6fd74b391426595431 (refs/remotes/origin/main)
The recommended git tool is: git
No credentials specified
 > git --version # timeout=10
 > git --version # 'git version 2.47.3'
 > git ls-remote -h -- https://github.com/angelkwatra/Containerization-and-DevOps.git # timeout=10
Found 1 remote heads on https://github.com/angelkwatra/Containerization-and-DevOps.git
[poll] Latest remote head revision on refs/heads/main is: 069f0e14f2457b5d8bdbc035d30689500a4f0e83
Done. Took 1.3 sec
Changes found
